[debug] [2022-03-05T00:55:20.979Z] ----------------------------------------------------------------------
[debug] [2022-03-05T00:55:20.980Z] Command:       C:\Program Files\nodejs\node.exe C:\Users\sacul\AppData\Roaming\npm\node_modules\firebase-tools\lib\bin\firebase.js init
[debug] [2022-03-05T00:55:20.981Z] CLI Version:   10.2.2
[debug] [2022-03-05T00:55:20.981Z] Platform:      win32
[debug] [2022-03-05T00:55:20.981Z] Node Version:  v16.5.0
[debug] [2022-03-05T00:55:20.982Z] Time:          Fri Mar 04 2022 19:55:20 GMT-0500 (Eastern Standard Time)
[debug] [2022-03-05T00:55:20.982Z] ----------------------------------------------------------------------
[debug] 
[debug] [2022-03-05T00:55:21.036Z] > command requires scopes: ["email","openid","https://www.googleapis.com/auth/cloudplatformprojects.readonly","https://www.googleapis.com/auth/firebase","https://www.googleapis.com/auth/cloud-platform"]
[debug] [2022-03-05T00:55:21.036Z] > authorizing via signed-in user (sacul4282@gmail.com)
[info] 
     ######## #### ########  ######## ########     ###     ######  ########
     ##        ##  ##     ## ##       ##     ##  ##   ##  ##       ##
     ######    ##  ########  ######   ########  #########  ######  ######
     ##        ##  ##    ##  ##       ##     ## ##     ##       ## ##
     ##       #### ##     ## ######## ########  ##     ##  ######  ########

You're about to initialize a Firebase project in this directory:

  C:\Users\sacul\Desktop\School\Coding Stuff\Firebase Crud\crud

Before we get started, keep in mind:

  * You are initializing within an existing Firebase project directory

[info] 
=== Project Setup
[info] 
[info] First, let's associate this project directory with a Firebase project.
[info] You can create multiple project aliases by running firebase use --add, 
[info] but for now we'll just set up a default project.
[info] 
[debug] [2022-03-05T00:55:29.207Z] Using project from CLI flag: crud-test-29d90
[debug] [2022-03-05T00:55:29.209Z] >>> [apiv2][query] GET https://firebase.googleapis.com/v1beta1/projects/crud-test-29d90 [none]
[debug] [2022-03-05T00:55:29.524Z] <<< [apiv2][status] GET https://firebase.googleapis.com/v1beta1/projects/crud-test-29d90 200
[debug] [2022-03-05T00:55:29.524Z] <<< [apiv2][body] GET https://firebase.googleapis.com/v1beta1/projects/crud-test-29d90 {"projectId":"crud-test-29d90","projectNumber":"646633375341","displayName":"crud-test","name":"projects/crud-test-29d90","resources":{"hostingSite":"crud-test-29d90","storageBucket":"crud-test-29d90.appspot.com","locationId":"us-east1"},"state":"ACTIVE"}
[info] i  Using project crud-test-29d90 (crud-test) 
[info] 
=== Hosting Setup
[info] 
[info] Your public directory is the folder (relative to your project directory) that
[info] will contain Hosting assets to be uploaded with firebase deploy. If you
[info] have a build process for your assets, use your build's output directory.
[info] 
[debug] [2022-03-05T00:55:38.433Z] >>> [apiv2][query] GET https://www.gstatic.com/firebasejs/releases.json [none]
[debug] [2022-03-05T00:55:38.469Z] <<< [apiv2][status] GET https://www.gstatic.com/firebasejs/releases.json 200
[debug] [2022-03-05T00:55:38.470Z] <<< [apiv2][body] GET https://www.gstatic.com/firebasejs/releases.json {"current":{"version":"9.6.8","browserURL":"https://www.gstatic.com/firebasejs/9.6.8/firebase.js","packageURL":"https://www.gstatic.com/firebasejs/9.6.8/firebase.tgz"},"live":{"version":"9.6","browserURL":"https://www.gstatic.com/firebasejs/live/9.6/firebase.js","packageURL":"https://www.gstatic.com/firebasejs/live/9.6/firebase.tgz"},"components":{"analytics":"https://www.gstatic.com/firebasejs/9.6.8/firebase-analytics.js","app":"https://www.gstatic.com/firebasejs/9.6.8/firebase-app.js","app-check":"https://www.gstatic.com/firebasejs/9.6.8/firebase-app-check.js","auth":"https://www.gstatic.com/firebasejs/9.6.8/firebase-auth.js","auth/cordova":"https://www.gstatic.com/firebasejs/9.6.8/firebase-auth/cordova.js","auth/react-native":"https://www.gstatic.com/firebasejs/9.6.8/firebase-auth/react-native.js","functions":"https://www.gstatic.com/firebasejs/9.6.8/firebase-functions.js","firestore":"https://www.gstatic.com/firebasejs/9.6.8/firebase-firestore.js","firestore/lite":"https://www.gstatic.com/firebasejs/9.6.8/firebase-firestore/lite.js","storage":"https://www.gstatic.com/firebasejs/9.6.8/firebase-storage.js","performance":"https://www.gstatic.com/firebasejs/9.6.8/firebase-performance.js","remote-config":"https://www.gstatic.com/firebasejs/9.6.8/firebase-remote-config.js","messaging":"https://www.gstatic.com/firebasejs/9.6.8/firebase-messaging.js","messaging/sw":"https://www.gstatic.com/firebasejs/9.6.8/firebase-messaging/sw.js","database":"https://www.gstatic.com/firebasejs/9.6.8/firebase-database.js","firestore.memory":"https://www.gstatic.com/firebasejs/9.6.8/firebase-firestore.memory.js"}}
[info] i  Skipping write of build/index.html 
[info] 
[info] i  Detected a .git folder at C:\Users\sacul\Desktop\School\Coding Stuff\Firebase Crud\crud 
[info] i  Authorizing with GitHub to upload your service account to a GitHub repository's secrets store. 
[info] 
[info] Visit this URL on this device to log in:
[info] https://github.com/login/oauth/authorize?client_id=89cf50f02ac6aaed3484&state=555088296&redirect_uri=http%3A%2F%2Flocalhost%3A9005&scope=read%3Auser%20repo%20public_repo
[info] 
[info] Waiting for authentication...
[debug] [2022-03-05T00:55:41.045Z] >>> HTTP REQUEST POST https://github.com/login/oauth/access_token  
 {"client_id":"89cf50f02ac6aaed3484","client_secret":"3330d14abc895d9a74d5f17cd7a00711fa2c5bf0","code":"5c81a45b4998fc918aaa","redirect_uri":"http://localhost:9005","state":"555088296"}
[debug] [2022-03-05T00:55:41.292Z] <<< HTTP RESPONSE 200 {"server":"GitHub.com","date":"Sat, 05 Mar 2022 00:55:39 GMT","content-type":"application/json; charset=utf-8","transfer-encoding":"chunked","vary":"X-PJAX, X-PJAX-Container, Accept-Encoding, Accept, X-Requested-With","permissions-policy":"interest-cohort=()","etag":"W/\"fec10b2b28b133eb0196565e514ee1d2\"","cache-control":"max-age=0, private, must-revalidate","strict-transport-security":"max-age=31536000; includeSubdomains; preload","x-frame-options":"deny","x-content-type-options":"nosniff","x-xss-protection":"0","referrer-policy":"origin-when-cross-origin, strict-origin-when-cross-origin","expect-ct":"max-age=2592000, report-uri=\"https://api.github.com/_private/browser/errors\"","content-security-policy":"default-src 'none'; base-uri 'self'; block-all-mixed-content; child-src github.com/assets-cdn/worker/ gist.github.com/assets-cdn/worker/; connect-src 'self' uploads.github.com objects-origin.githubusercontent.com www.githubstatus.com collector.githubapp.com collector.github.com api.github.com github-cloud.s3.amazonaws.com github-production-repository-file-5c1aeb.s3.amazonaws.com github-production-upload-manifest-file-7fdce7.s3.amazonaws.com github-production-user-asset-6210df.s3.amazonaws.com cdn.optimizely.com logx.optimizely.com/v1/events translator.github.com wss://alive.github.com; font-src github.githubassets.com; form-action 'self' github.com gist.github.com objects-origin.githubusercontent.com; frame-ancestors 'none'; frame-src render.githubusercontent.com viewscreen.githubusercontent.com notebooks.githubusercontent.com; img-src 'self' data: github.githubassets.com identicons.github.com collector.githubapp.com collector.github.com github-cloud.s3.amazonaws.com secured-user-images.githubusercontent.com/ *.githubusercontent.com; manifest-src 'self'; media-src github.com user-images.githubusercontent.com/; script-src github.githubassets.com; style-src 'unsafe-inline' github.githubassets.com; worker-src github.com/assets-cdn/worker/ gist.github.com/assets-cdn/worker/","x-github-request-id":"EE53:0BCD:3E10B6A:66A5E53:6222B50B"}
[debug] [2022-03-05T00:55:41.296Z] >>> [apiv2][query] GET https://api.github.com/user [none]
[debug] [2022-03-05T00:55:41.446Z] <<< [apiv2][status] GET https://api.github.com/user 200
[debug] [2022-03-05T00:55:41.446Z] <<< [apiv2][body] GET https://api.github.com/user {"login":"lrboyer","id":73025188,"node_id":"MDQ6VXNlcjczMDI1MTg4","avatar_url":"https://avatars.githubusercontent.com/u/73025188?v=4","gravatar_id":"","url":"https://api.github.com/users/lrboyer","html_url":"https://github.com/lrboyer","followers_url":"https://api.github.com/users/lrboyer/followers","following_url":"https://api.github.com/users/lrboyer/following{/other_user}","gists_url":"https://api.github.com/users/lrboyer/gists{/gist_id}","starred_url":"https://api.github.com/users/lrboyer/starred{/owner}{/repo}","subscriptions_url":"https://api.github.com/users/lrboyer/subscriptions","organizations_url":"https://api.github.com/users/lrboyer/orgs","repos_url":"https://api.github.com/users/lrboyer/repos","events_url":"https://api.github.com/users/lrboyer/events{/privacy}","received_events_url":"https://api.github.com/users/lrboyer/received_events","type":"User","site_admin":false,"name":"Lucas Boyer","company":null,"blog":"https://www.linkedin.com/in/lucasrboyer/","location":null,"email":"lrboyer@clemson.edu","hireable":true,"bio":"Student at Clemson University Majoring in CS","twitter_username":null,"public_repos":17,"public_gists":0,"followers":0,"following":2,"created_at":"2020-10-17T12:50:35Z","updated_at":"2021-10-05T19:53:51Z","private_gists":0,"total_private_repos":1,"owned_private_repos":1,"disk_usage":46729,"collaborators":0,"two_factor_authentication":false,"plan":{"name":"free","space":976562499,"collaborators":0,"private_repos":10000}}
[info] 
[info] +  Success! Logged into GitHub as lrboyer 
[info] 
